#
# A fatal error has been detected by the Java Runtime Environment:
#
#  EXCEPTION_ACCESS_VIOLATION (0xc0000005) at pc=0x540ba69d, pid=8592, tid=11808
#
# JRE version: Java(TM) SE Runtime Environment (8.0_65-b17) (build 1.8.0_65-b17)
# Java VM: Java HotSpot(TM) Client VM (25.65-b01 mixed mode windows-x86 )
# Problematic frame:
# V  [jvm.dll+0xca69d]
#
# Failed to write core dump. Minidumps are not enabled by default on client versions of Windows
#
# If you would like to submit a bug report, please visit:
#   http://bugreport.java.com/bugreport/crash.jsp
#

---------------  T H R E A D  ---------------

Current thread (0x14c96000):  JavaThread "JDWP Transport Listener: dt_socket" daemon [_thread_in_vm, id=11808, stack(0x01140000,0x01190000)]

siginfo: ExceptionCode=0xc0000005, reading address 0x69727563

Registers:
EAX=0x69727563, EBX=0x00000000, ECX=0x69727563, EDX=0x00000000
ESP=0x0118f3c8, EBP=0x0118f3cc, ESI=0x14c96000, EDI=0x011f7d60
EIP=0x540ba69d, EFLAGS=0x00010206

Top of Stack: (sp=0x0118f3c8)
0x0118f3c8:   14c96000 0118f3f4 54217724 69727563
0x0118f3d8:   0118f4ac 0118f42f 14c96000 00000000
0x0118f3e8:   00000000 00000000 14c96000 0118f430
0x0118f3f8:   72009f80 011f7d60 69727563 0118f42f
0x0118f408:   69727563 71ff436d 69727563 0118f42f
0x0118f418:   00000002 00000000 00000000 00000009
0x0118f428:   00000000 00c90834 0118f450 71ff44e0
0x0118f438:   00000001 0118f46c 0118f4a8 154c7370 

Instructions: (pc=0x540ba69d)
0x540ba67d:   5d c3 52 e8 5b f9 ff ff 5d c3 cc cc cc cc cc cc
0x540ba68d:   cc cc cc 55 8b ec 8b 45 08 85 c0 75 02 5d c3 56
0x540ba69d:   8b 30 85 f6 74 17 83 fe 37 74 12 8b 06 8b 50 08
0x540ba6ad:   8b ce ff d2 84 c0 74 05 8b c6 5e 5d c3 33 c0 5e 


Register to memory mapping:

EAX=0x69727563 is an unknown value
EBX=0x00000000 is an unknown value
ECX=0x69727563 is an unknown value
EDX=0x00000000 is an unknown value
ESP=0x0118f3c8 is pointing into the stack for thread: 0x14c96000
EBP=0x0118f3cc is pointing into the stack for thread: 0x14c96000
ESI=0x14c96000 is a thread
EDI=0x011f7d60 is an unknown value


Stack: [0x01140000,0x01190000],  sp=0x0118f3c8,  free space=316k
Native frames: (J=compiled Java code, j=interpreted, Vv=VM code, C=native code)
V  [jvm.dll+0xca69d]
V  [jvm.dll+0x227724]
C  [jdwp.dll+0x19f80]
C  [jdwp.dll+0x44e0]
C  [jdwp.dll+0x451e]
C  0xdccf1401


---------------  P R O C E S S  ---------------

Java Threads: ( => current thread )
  0x1548a800 JavaThread "Scheduler-238250" [_thread_blocked, id=436, stack(0x15ed0000,0x15f20000)]
  0x15487c00 JavaThread "HashSessionScavenger-0" daemon [_thread_blocked, id=15668, stack(0x15e40000,0x15e90000)]
  0x15482800 JavaThread "qtp4230298-22" [_thread_blocked, id=15876, stack(0x15db0000,0x15e00000)]
  0x15482400 JavaThread "qtp4230298-21" [_thread_blocked, id=6176, stack(0x15d20000,0x15d70000)]
  0x15481c00 JavaThread "qtp4230298-20-acceptor-1-ServerConnector@43c5ef{HTTP/1.1}{0.0.0.0:4567}" [_thread_in_native, id=284, stack(0x15c90000,0x15ce0000)]
  0x15481800 JavaThread "qtp4230298-19-acceptor-0-ServerConnector@43c5ef{HTTP/1.1}{0.0.0.0:4567}" [_thread_blocked, id=7516, stack(0x15c00000,0x15c50000)]
  0x15478800 JavaThread "qtp4230298-18-selector-3" [_thread_in_native, id=7924, stack(0x15b70000,0x15bc0000)]
  0x1547f000 JavaThread "qtp4230298-17-selector-2" [_thread_in_native, id=12692, stack(0x15ae0000,0x15b30000)]
  0x15478400 JavaThread "qtp4230298-16-selector-1" [_thread_in_native, id=16092, stack(0x15a50000,0x15aa0000)]
  0x15477c00 JavaThread "qtp4230298-15-selector-0" [_thread_in_native, id=14984, stack(0x159c0000,0x15a10000)]
  0x15450400 JavaThread "DateCache" daemon [_thread_blocked, id=7348, stack(0x15930000,0x15980000)]
  0x011fd800 JavaThread "DestroyJavaVM" [_thread_blocked, id=8836, stack(0x00960000,0x009b0000)]
  0x153d8000 JavaThread "Thread-0" [_thread_blocked, id=11744, stack(0x157a0000,0x157f0000)]
  0x14cc6000 JavaThread "Service Thread" daemon [_thread_blocked, id=16180, stack(0x14f30000,0x14f80000)]
  0x14ca1800 JavaThread "C1 CompilerThread0" daemon [_thread_blocked, id=8448, stack(0x14ea0000,0x14ef0000)]
  0x14c9a800 JavaThread "JDWP Command Reader" daemon [_thread_in_native, id=5060, stack(0x04780000,0x047d0000)]
  0x14c97400 JavaThread "JDWP Event Helper Thread" daemon [_thread_blocked, id=11928, stack(0x01190000,0x011e0000)]
=>0x14c96000 JavaThread "JDWP Transport Listener: dt_socket" daemon [_thread_in_vm, id=11808, stack(0x01140000,0x01190000)]
  0x14c86c00 JavaThread "Attach Listener" daemon [_thread_blocked, id=9916, stack(0x00c30000,0x00c80000)]
  0x14c84c00 JavaThread "Signal Dispatcher" daemon [_thread_blocked, id=13276, stack(0x00ba0000,0x00bf0000)]
  0x14c69400 JavaThread "Finalizer" daemon [_thread_blocked, id=5612, stack(0x00b10000,0x00b60000)]
  0x14c64400 JavaThread "Reference Handler" daemon [_thread_blocked, id=9796, stack(0x00a80000,0x00ad0000)]

Other Threads:
  0x00fde400 VMThread [stack: 0x009f0000,0x00a40000] [id=15652]
  0x14cd9400 WatcherThread [stack: 0x14fc0000,0x15010000] [id=9296]

VM state:not at safepoint (normal execution)

VM Mutex/Monitor currently owned by a thread: None

Heap:
 def new generation   total 4928K, used 794K [0x04800000, 0x04d50000, 0x09d50000)
  eden space 4416K,   6% used [0x04800000, 0x048469a8, 0x04c50000)
  from space 512K, 100% used [0x04cd0000, 0x04d50000, 0x04d50000)
  to   space 512K,   0% used [0x04c50000, 0x04c50000, 0x04cd0000)
 tenured generation   total 10944K, used 3048K [0x09d50000, 0x0a800000, 0x14800000)
   the space 10944K,  27% used [0x09d50000, 0x0a04a1f8, 0x0a04a200, 0x0a800000)
 Metaspace       used 5811K, capacity 5965K, committed 6016K, reserved 6528K

Card table byte_map: [0x010b0000,0x01140000] byte_map_base: 0x0108c000

Polling page: 0x00cf0000

CodeCache: size=32768Kb used=1046Kb max_used=1075Kb free=31721Kb
 bounds [0x02740000, 0x02850000, 0x04740000]
 total_blobs=400 nmethods=244 adapters=95
 compilation: enabled

Compilation events (10 events):
Event: 78.671 Thread 0x14ca1800  241             java.lang.reflect.Array::newInstance (6 bytes)
Event: 78.671 Thread 0x14ca1800 nmethod 241 0x0284bb88 code [0x0284bc80, 0x0284bd0c]
Event: 88.670 Thread 0x14ca1800  243             java.text.SimpleDateFormat::format (171 bytes)
Event: 88.671 Thread 0x14ca1800 nmethod 243 0x0284bd88 code [0x0284bef0, 0x0284c54c]
Event: 89.670 Thread 0x14ca1800  244             java.util.Calendar::internalGet (7 bytes)
Event: 89.670 Thread 0x14ca1800 nmethod 244 0x0281cbc8 code [0x0281ccc0, 0x0281cd60]
Event: 91.671 Thread 0x14ca1800  245             java.util.Calendar::complete (40 bytes)
Event: 91.671 Thread 0x14ca1800 nmethod 245 0x0281c948 code [0x0281ca50, 0x0281cb48]
Event: 91.671 Thread 0x14ca1800  246             java.util.Calendar::get (10 bytes)
Event: 91.671 Thread 0x14ca1800 nmethod 246 0x0281c688 code [0x0281c790, 0x0281c85c]

GC Heap History (6 events):
Event: 0.450 GC heap before
{Heap before GC invocations=0 (full 0):
 def new generation   total 4928K, used 4416K [0x04800000, 0x04d50000, 0x09d50000)
  eden space 4416K, 100% used [0x04800000, 0x04c50000, 0x04c50000)
  from space 512K,   0% used [0x04c50000, 0x04c50000, 0x04cd0000)
  to   space 512K,   0% used [0x04cd0000, 0x04cd0000, 0x04d50000)
 tenured generation   total 10944K, used 0K [0x09d50000, 0x0a800000, 0x14800000)
   the space 10944K,   0% used [0x09d50000, 0x09d50000, 0x09d50200, 0x0a800000)
 Metaspace       used 3380K, capacity 3520K, committed 3648K, reserved 4480K
Event: 0.454 GC heap after
Heap after GC invocations=1 (full 0):
 def new generation   total 4928K, used 512K [0x04800000, 0x04d50000, 0x09d50000)
  eden space 4416K,   0% used [0x04800000, 0x04800000, 0x04c50000)
  from space 512K, 100% used [0x04cd0000, 0x04d50000, 0x04d50000)
  to   space 512K,   0% used [0x04c50000, 0x04c50000, 0x04cd0000)
 tenured generation   total 10944K, used 636K [0x09d50000, 0x0a800000, 0x14800000)
   the space 10944K,   5% used [0x09d50000, 0x09def158, 0x09def200, 0x0a800000)
 Metaspace       used 3380K, capacity 3520K, committed 3648K, reserved 4480K
}
Event: 0.630 GC heap before
{Heap before GC invocations=1 (full 0):
 def new generation   total 4928K, used 4928K [0x04800000, 0x04d50000, 0x09d50000)
  eden space 4416K, 100% used [0x04800000, 0x04c50000, 0x04c50000)
  from space 512K, 100% used [0x04cd0000, 0x04d50000, 0x04d50000)
  to   space 512K,   0% used [0x04c50000, 0x04c50000, 0x04cd0000)
 tenured generation   total 10944K, used 636K [0x09d50000, 0x0a800000, 0x14800000)
   the space 10944K,   5% used [0x09d50000, 0x09def158, 0x09def200, 0x0a800000)
 Metaspace       used 4770K, capacity 4931K, committed 4992K, reserved 5504K
Event: 0.635 GC heap after
Heap after GC invocations=2 (full 0):
 def new generation   total 4928K, used 512K [0x04800000, 0x04d50000, 0x09d50000)
  eden space 4416K,   0% used [0x04800000, 0x04800000, 0x04c50000)
  from space 512K, 100% used [0x04c50000, 0x04cd0000, 0x04cd0000)
  to   space 512K,   0% used [0x04cd0000, 0x04cd0000, 0x04d50000)
 tenured generation   total 10944K, used 2007K [0x09d50000, 0x0a800000, 0x14800000)
   the space 10944K,  18% used [0x09d50000, 0x09f45e10, 0x09f46000, 0x0a800000)
 Metaspace       used 4770K, capacity 4931K, committed 4992K, reserved 5504K
}
Event: 12.059 GC heap before
{Heap before GC invocations=2 (full 0):
 def new generation   total 4928K, used 4928K [0x04800000, 0x04d50000, 0x09d50000)
  eden space 4416K, 100% used [0x04800000, 0x04c50000, 0x04c50000)
  from space 512K, 100% used [0x04c50000, 0x04cd0000, 0x04cd0000)
  to   space 512K,   0% used [0x04cd0000, 0x04cd0000, 0x04d50000)
 tenured generation   total 10944K, used 2007K [0x09d50000, 0x0a800000, 0x14800000)
   the space 10944K,  18% used [0x09d50000, 0x09f45e10, 0x09f46000, 0x0a800000)
 Metaspace       used 5797K, capacity 5965K, committed 6016K, reserved 6528K
Event: 12.067 GC heap after
Heap after GC invocations=3 (full 0):
 def new generation   total 4928K, used 512K [0x04800000, 0x04d50000, 0x09d50000)
  eden space 4416K,   0% used [0x04800000, 0x04800000, 0x04c50000)
  from space 512K, 100% used [0x04cd0000, 0x04d50000, 0x04d50000)
  to   space 512K,   0% used [0x04c50000, 0x04c50000, 0x04cd0000)
 tenured generation   total 10944K, used 3048K [0x09d50000, 0x0a800000, 0x14800000)
   the space 10944K,  27% used [0x09d50000, 0x0a04a1f8, 0x0a04a200, 0x0a800000)
 Metaspace       used 5797K, capacity 5965K, committed 6016K, reserved 6528K
}

Deoptimization events (0 events):
No events

Internal exceptions (8 events):
Event: 0.049 Thread 0x011fd800 Exception <a 'java/lang/NoSuchMethodError': Method sun.misc.Unsafe.defineClass(Ljava/lang/String;[BII)Ljava/lang/Class; name or signature does not match> (0x0480ccf8) thrown at [C:\re\workspace\8-2-build-windows-i586-cygwin\jdk8u65\4987\hotspot\src\share\v“©ï-à¨?
Event: 0.049 Thread 0x011fd800 Exception <a 'java/lang/NoSuchMethodError': Method sun.misc.Unsafe.prefetchRead(Ljava/lang/Object;J)V name or signature does not match> (0x0480cfc8) thrown at [C:\re\workspace\8-2-build-windows-i586-cygwin\jdk8u65\4987\hotspot\src\share\vm\prims\jni.cpp, lúC5ÿ6Ô?
Event: 0.316 Thread 0x011fd800 Exception <a 'java/lang/NoSuchFieldError': method resolution failed> (0x049ef880) thrown at [C:\re\workspace\8-2-build-windows-i586-cygwin\jdk8u65\4987\hotspot\src\share\vm\prims\methodHandles.cpp, line 1146]
Event: 0.322 Thread 0x011fd800 Exception <a 'java/lang/NoSuchFieldError': method resolution failed> (0x049fba40) thrown at [C:\re\workspace\8-2-build-windows-i586-cygwin\jdk8u65\4987\hotspot\src\share\vm\prims\methodHandles.cpp, line 1146]
Event: 0.362 Thread 0x011fd800 Exception <a 'java/security/PrivilegedActionException'> (0x04ac4548) thrown at [C:\re\workspace\8-2-build-windows-i586-cygwin\jdk8u65\4987\hotspot\src\share\vm\prims\jvm.cpp, line 1386]
Event: 0.362 Thread 0x011fd800 Exception <a 'java/security/PrivilegedActionException'> (0x04ac4748) thrown at [C:\re\workspace\8-2-build-windows-i586-cygwin\jdk8u65\4987\hotspot\src\share\vm\prims\jvm.cpp, line 1386]
Event: 0.362 Thread 0x011fd800 Exception <a 'java/security/PrivilegedActionException'> (0x04ac8508) thrown at [C:\re\workspace\8-2-build-windows-i586-cygwin\jdk8u65\4987\hotspot\src\share\vm\prims\jvm.cpp, line 1386]
Event: 0.362 Thread 0x011fd800 Exception <a 'java/security/PrivilegedActionException'> (0x04ac8708) thrown at [C:\re\workspace\8-2-build-windows-i586-cygwin\jdk8u65\4987\hotspot\src\share\vm\prims\jvm.cpp, line 1386]

Events (10 events):
Event: 12.075 loading class org/eclipse/jetty/server/Authentication$5
Event: 12.075 loading class org/eclipse/jetty/server/Authentication$5 done
Event: 12.075 loading class org/eclipse/jetty/server/Authentication$SendSuccess
Event: 12.075 loading class org/eclipse/jetty/server/Authentication$SendSuccess done
Event: 13.711 Thread 0x15488400 Thread exited: 0x15488400
Event: 88.671 Thread 0x14ca1800 flushing nmethod 0x027fdf08
Event: 88.671 Thread 0x14ca1800 flushing nmethod 0x0281c308
Event: 89.670 Thread 0x14ca1800 flushing nmethod 0x02836648
Event: 104.572 Executing VM operation: RedefineClasses
Event: 104.573 Executing VM operation: RedefineClasses done


Dynamic libraries:
0x01300000 - 0x01333000 	C:\Program Files (x86)\Java\jre1.8.0_65\bin\javaw.exe
0x771a0000 - 0x7731b000 	C:\WINDOWS\SYSTEM32\ntdll.dll
0x747c0000 - 0x748a0000 	C:\WINDOWS\SYSTEM32\KERNEL32.DLL
0x74620000 - 0x7479e000 	C:\WINDOWS\SYSTEM32\KERNELBASE.dll
0x76640000 - 0x766bb000 	C:\WINDOWS\SYSTEM32\ADVAPI32.dll
0x770e0000 - 0x7719e000 	C:\WINDOWS\SYSTEM32\msvcrt.dll
0x74df0000 - 0x74e34000 	C:\WINDOWS\SYSTEM32\sechost.dll
0x74fa0000 - 0x7504d000 	C:\WINDOWS\SYSTEM32\RPCRT4.dll
0x73ed0000 - 0x73eee000 	C:\WINDOWS\SYSTEM32\SspiCli.dll
0x73ec0000 - 0x73eca000 	C:\WINDOWS\SYSTEM32\CRYPTBASE.dll
0x76a00000 - 0x76a58000 	C:\WINDOWS\SYSTEM32\bcryptPrimitives.dll
0x742e0000 - 0x74427000 	C:\WINDOWS\SYSTEM32\USER32.dll
0x744d0000 - 0x7461f000 	C:\WINDOWS\SYSTEM32\GDI32.dll
0x72d50000 - 0x72f5f000 	C:\WINDOWS\WinSxS\x86_microsoft.windows.common-controls_6595b64144ccf1df_6.0.10586.0_none_d3c2e4e965da4528\COMCTL32.dll
0x767e0000 - 0x7699d000 	C:\WINDOWS\SYSTEM32\combase.dll
0x76a60000 - 0x76a8b000 	C:\WINDOWS\SYSTEM32\IMM32.DLL
0x64e00000 - 0x64ebf000 	C:\Program Files (x86)\Java\jre1.8.0_65\bin\msvcr100.dll
0x53ff0000 - 0x543b4000 	C:\Program Files (x86)\Java\jre1.8.0_65\bin\client\jvm.dll
0x747b0000 - 0x747b6000 	C:\WINDOWS\SYSTEM32\PSAPI.DLL
0x73eb0000 - 0x73eb8000 	C:\WINDOWS\SYSTEM32\VERSION.dll
0x736c0000 - 0x736e4000 	C:\WINDOWS\SYSTEM32\WINMM.dll
0x6e140000 - 0x6e148000 	C:\WINDOWS\SYSTEM32\WSOCK32.dll
0x73690000 - 0x736b3000 	C:\WINDOWS\SYSTEM32\WINMMBASE.dll
0x74e40000 - 0x74e9f000 	C:\WINDOWS\SYSTEM32\WS2_32.dll
0x75050000 - 0x75087000 	C:\WINDOWS\SYSTEM32\cfgmgr32.dll
0x64890000 - 0x6489c000 	C:\Program Files (x86)\Java\jre1.8.0_65\bin\verify.dll
0x64860000 - 0x64881000 	C:\Program Files (x86)\Java\jre1.8.0_65\bin\java.dll
0x71ff0000 - 0x72019000 	C:\Program Files (x86)\Java\jre1.8.0_65\bin\jdwp.dll
0x65550000 - 0x65557000 	C:\Program Files (x86)\Java\jre1.8.0_65\bin\npt.dll
0x64840000 - 0x64853000 	C:\Program Files (x86)\Java\jre1.8.0_65\bin\zip.dll
0x75240000 - 0x7663e000 	C:\WINDOWS\SYSTEM32\SHELL32.dll
0x748a0000 - 0x74d9a000 	C:\WINDOWS\SYSTEM32\windows.storage.dll
0x73ff0000 - 0x74035000 	C:\WINDOWS\SYSTEM32\shlwapi.dll
0x73ef0000 - 0x73efc000 	C:\WINDOWS\SYSTEM32\kernel.appcore.dll
0x75090000 - 0x7511d000 	C:\WINDOWS\SYSTEM32\shcore.dll
0x74da0000 - 0x74de4000 	C:\WINDOWS\SYSTEM32\powrprof.dll
0x74f30000 - 0x74f3f000 	C:\WINDOWS\SYSTEM32\profapi.dll
0x65540000 - 0x65548000 	C:\Program Files (x86)\Java\jre1.8.0_65\bin\dt_socket.dll
0x73610000 - 0x73622000 	C:\WINDOWS\system32\napinsp.dll
0x735f0000 - 0x73606000 	C:\WINDOWS\system32\pnrpnsp.dll
0x735c0000 - 0x735d4000 	C:\WINDOWS\system32\NLAapi.dll
0x73ab0000 - 0x73aff000 	C:\WINDOWS\System32\mswsock.dll
0x73850000 - 0x738d4000 	C:\WINDOWS\SYSTEM32\DNSAPI.dll
0x74f40000 - 0x74f47000 	C:\WINDOWS\SYSTEM32\NSI.dll
0x73560000 - 0x7356b000 	C:\WINDOWS\System32\winrnr.dll
0x71840000 - 0x71865000 	C:\Program Files (x86)\Bonjour\mdnsNSP.dll
0x73b30000 - 0x73b5f000 	C:\WINDOWS\SYSTEM32\Iphlpapi.DLL
0x6e7f0000 - 0x6e801000 	C:\WINDOWS\System32\wshbth.dll
0x6fb10000 - 0x6fb57000 	C:\WINDOWS\System32\fwpuclnt.dll
0x73e20000 - 0x73e3b000 	C:\WINDOWS\SYSTEM32\bcrypt.dll
0x71f80000 - 0x71f88000 	C:\Windows\System32\rasadhlp.dll
0x64820000 - 0x64836000 	C:\Program Files (x86)\Java\jre1.8.0_65\bin\net.dll
0x64810000 - 0x6481f000 	C:\Program Files (x86)\Java\jre1.8.0_65\bin\nio.dll
0x73910000 - 0x73923000 	C:\WINDOWS\SYSTEM32\CRYPTSP.dll
0x738e0000 - 0x7390f000 	C:\WINDOWS\system32\rsaenh.dll
0x73b00000 - 0x73b19000 	C:\WINDOWS\SYSTEM32\USERENV.dll
0x5f810000 - 0x5f94f000 	C:\WINDOWS\SYSTEM32\dbghelp.dll

VM Arguments:
jvm_args: -agentlib:jdwp=transport=dt_socket,suspend=y,address=localhost:48620 -Dfile.encoding=Cp1252 
java_command: main.java.Main
java_class_path (initial): C:\Users\Olivr\College\3rd Year Project\EntertainmentSuggestions-Heroku.Spark-Side\target\classes;C:\Users\Olivr\.m2\repository\com\sparkjava\spark-core\2.2\spark-core-2.2.jar;C:\Users\Olivr\.m2\repository\org\slf4j\slf4j-api\1.7.7\slf4j-api-1.7.7.jar;C:\Users\Olivr\.m2\repository\org\slf4j\slf4j-simple\1.7.7\slf4j-simple-1.7.7.jar;C:\Users\Olivr\.m2\repository\org\eclipse\jetty\jetty-server\9.0.2.v20130417\jetty-server-9.0.2.v20130417.jar;C:\Users\Olivr\.m2\repository\org\eclipse\jetty\orbit\javax.servlet\3.0.0.v201112011016\javax.servlet-3.0.0.v201112011016.jar;C:\Users\Olivr\.m2\repository\org\eclipse\jetty\jetty-http\9.0.2.v20130417\jetty-http-9.0.2.v20130417.jar;C:\Users\Olivr\.m2\repository\org\eclipse\jetty\jetty-util\9.0.2.v20130417\jetty-util-9.0.2.v20130417.jar;C:\Users\Olivr\.m2\repository\org\eclipse\jetty\jetty-io\9.0.2.v20130417\jetty-io-9.0.2.v20130417.jar;C:\Users\Olivr\.m2\repository\org\eclipse\jetty\jetty-webapp\9.0.2.v20130417\jetty-webapp-9.0.2.v20130417.jar;C:\Users\Olivr\.m2\repository\org\eclipse\jetty\jetty-xml\9.0.2.v20130417\jetty-xml-9.0.2.v20130417.jar;C:\Users\Olivr\.m2\repository\org\eclipse\jetty\jetty-servlet\9.0.2.v20130417\jetty-servlet-9.0.2.v20130417.jar;C:\Users\Olivr\.m2\repository\org\eclipse\jetty\jetty-security\9.0.2.v20130417\jetty-security-9.0.2.v20130417.jar;C:\Users\Olivr\.m2\repository\com\sparkjava\spark-template-freemarker\2.0.0\spark-template-freemarker-2.0.0.jar;C:\Users\Olivr\.m2\repository\org\freemarker\freemarker\2.3.19\freemarker-2.3.19.jar;C:\Users\Olivr\.m2\repository\org\postgresql\postgresql\9.4-1201-jdbc4\postgresql-9.4-1201-jdbc4.jar;C:\Users\Olivr\.m2\repository\com\heroku\sdk\heroku-jdbc\0.1.1\heroku-jdbc-0.1.1.jar;C:\Users\Olivr\.m2\repository\org\json\json\20151123\json-20151123.jar
Launcher Type: SUN_STANDARD

Environment Variables:
JAVA_HOME=C:\Program Files (x86)\Java\jdk1.8.0_65
CLASSPATH=.;c:\Program Files (x86)\Java\jre1.8.0_31\lib\ext\QTJava.zip
PATH=C:/Program Files (x86)/Java/jre1.8.0_65/bin/client;C:/Program Files (x86)/Java/jre1.8.0_65/bin;C:/Program Files (x86)/Java/jre1.8.0_65/lib/i386;C:\ProgramData\Oracle\Java\javapath;c:\Program Files (x86)\Intel\iCLS Client\;c:\Program Files\Intel\iCLS Client\;C:\Windows\system32;C:\Windows;C:\Windows\System32\Wbem;C:\Windows\System32\WindowsPowerShell\v1.0\;C:\Program Files\Intel\Intel(R) Management Engine Components\DAL;C:\Program Files\Intel\Intel(R) Management Engine Components\IPT;C:\Program Files (x86)\Intel\Intel(R) Management Engine Components\DAL;C:\Program Files (x86)\Intel\Intel(R) Management Engine Components\IPT;C:\Program Files\Microsoft SQL Server\110\Tools\Binn\;C:\Program Files (x86)\Microsoft SDKs\TypeScript\1.0\;c:\Program Files (x86)\QuickTime\QTSystem\;C:\Program Files\nodejs\;C:\Program Files (x86)\NVIDIA Corporation\PhysX\Common;C:\WINDOWS\system32;C:\WINDOWS;C:\WINDOWS\System32\Wbem;C:\WINDOWS\System32\WindowsPowerShell\v1.0\;c:\Program Files (x86)\Microsoft SQL Server\100\Tools\Binn\;c:\Program Files\Microsoft SQL Server\100\Tools\Binn\;c:\Program Files\Microsoft SQL Server\100\DTS\Binn\;C:\WINDOWS\system32\config\systemprofile\.dnx\bin;C:\Program Files\Microsoft DNX\Dnvm\;C:\Program Files\Microsoft SQL Server\120\Tools\Binn\;C:\Program Files (x86)\Windows Kits\10\Windows Performance Toolkit\;C:\Program Files (x86)\Heroku\bin;C:\Program Files (x86)\git\cmd;C:\Program Files (x86)\apache-maven-3.3.9\bin;C:\Users\Olivr\Desktop;
USERNAME=Olivr
OS=Windows_NT
PROCESSOR_IDENTIFIER=Intel64 Family 6 Model 69 Stepping 1, GenuineIntel



---------------  S Y S T E M  ---------------

OS: Windows 10.0 , 64 bit Build 10586 (10.0.10586.0)

CPU:total 4 (2 cores per cpu, 2 threads per core) family 6 model 69 stepping 1, cmov, cx8, fxsr, mmx, sse, sse2, sse3, ssse3, sse4.1, sse4.2, popcnt, avx, avx2, aes, clmul, erms, lzcnt, ht, tsc, tscinvbit, bmi1, bmi2

Memory: 4k page, physical 8290124k(3814168k free), swap 10190668k(3933112k free)

vm_info: Java HotSpot(TM) Client VM (25.65-b01) for windows-x86 JRE (1.8.0_65-b17), built on Oct  6 2015 17:26:22 by "java_re" with MS VC++ 10.0 (VS2010)

time: Sun Mar 13 12:34:24 2016
elapsed time: 104 seconds (0d 0h 1m 44s)

