#
# A fatal error has been detected by the Java Runtime Environment:
#
#  EXCEPTION_ACCESS_VIOLATION (0xc0000005) at pc=0x540ba69d, pid=8916, tid=15760
#
# JRE version: Java(TM) SE Runtime Environment (8.0_65-b17) (build 1.8.0_65-b17)
# Java VM: Java HotSpot(TM) Client VM (25.65-b01 mixed mode windows-x86 )
# Problematic frame:
# V  [jvm.dll+0xca69d]
#
# Failed to write core dump. Minidumps are not enabled by default on client versions of Windows
#
# If you would like to submit a bug report, please visit:
#   http://bugreport.java.com/bugreport/crash.jsp
#

---------------  T H R E A D  ---------------

Current thread (0x14786000):  JavaThread "JDWP Transport Listener: dt_socket" daemon [_thread_in_vm, id=15760, stack(0x14cc0000,0x14d10000)]

siginfo: ExceptionCode=0xc0000005, reading address 0x726f7463

Registers:
EAX=0x726f7463, EBX=0x00000000, ECX=0x726f7463, EDX=0x00000000
ESP=0x14d0f5d8, EBP=0x14d0f5dc, ESI=0x14786000, EDI=0x021b7d60
EIP=0x540ba69d, EFLAGS=0x00010206

Top of Stack: (sp=0x14d0f5d8)
0x14d0f5d8:   14786000 14d0f604 54217724 726f7463
0x14d0f5e8:   14d0f6bc 14d0f63f 14786000 00000000
0x14d0f5f8:   00000000 00000000 14786000 14d0f640
0x14d0f608:   72079f80 021b7d60 726f7463 14d0f63f
0x14d0f618:   726f7463 7206436d 726f7463 14d0f63f
0x14d0f628:   00000005 00000000 00000000 00000009
0x14d0f638:   00000000 00060e6c 14d0f660 720644e0
0x14d0f648:   00000001 14d0f67c 14d0f6b8 1542c2f0 

Instructions: (pc=0x540ba69d)
0x540ba67d:   5d c3 52 e8 5b f9 ff ff 5d c3 cc cc cc cc cc cc
0x540ba68d:   cc cc cc 55 8b ec 8b 45 08 85 c0 75 02 5d c3 56
0x540ba69d:   8b 30 85 f6 74 17 83 fe 37 74 12 8b 06 8b 50 08
0x540ba6ad:   8b ce ff d2 84 c0 74 05 8b c6 5e 5d c3 33 c0 5e 


Register to memory mapping:

EAX=0x726f7463 is an unknown value
EBX=0x00000000 is an unknown value
ECX=0x726f7463 is an unknown value
EDX=0x00000000 is an unknown value
ESP=0x14d0f5d8 is pointing into the stack for thread: 0x14786000
EBP=0x14d0f5dc is pointing into the stack for thread: 0x14786000
ESI=0x14786000 is a thread
EDI=0x021b7d60 is an unknown value


Stack: [0x14cc0000,0x14d10000],  sp=0x14d0f5d8,  free space=317k
Native frames: (J=compiled Java code, j=interpreted, Vv=VM code, C=native code)
V  [jvm.dll+0xca69d]
V  [jvm.dll+0x227724]
C  [jdwp.dll+0x19f80]
C  [jdwp.dll+0x44e0]
C  [jdwp.dll+0x451e]
C  0x6a7f1401


---------------  P R O C E S S  ---------------

Java Threads: ( => current thread )
  0x1541a000 JavaThread "Scheduler-18175868" [_thread_blocked, id=11996, stack(0x15ea0000,0x15ef0000)]
  0x15419c00 JavaThread "HashSessionScavenger-0" daemon [_thread_blocked, id=4668, stack(0x15e10000,0x15e60000)]
  0x15415c00 JavaThread "qtp11759554-22" [_thread_blocked, id=12724, stack(0x15d80000,0x15dd0000)]
  0x15415800 JavaThread "qtp11759554-21-acceptor-1-ServerConnector@170f18a{HTTP/1.1}{0.0.0.0:4567}" [_thread_blocked, id=3460, stack(0x15cf0000,0x15d40000)]
  0x15415000 JavaThread "qtp11759554-20-acceptor-0-ServerConnector@170f18a{HTTP/1.1}{0.0.0.0:4567}" [_thread_in_native, id=16108, stack(0x15c60000,0x15cb0000)]
  0x15414800 JavaThread "qtp11759554-19-selector-3" [_thread_in_native, id=9496, stack(0x15bd0000,0x15c20000)]
  0x1540b400 JavaThread "qtp11759554-18" [_thread_blocked, id=8480, stack(0x15b40000,0x15b90000)]
  0x1540b000 JavaThread "qtp11759554-17-selector-1" [_thread_in_native, id=8432, stack(0x15ab0000,0x15b00000)]
  0x1540e000 JavaThread "qtp11759554-16-selector-2" [_thread_in_native, id=16068, stack(0x15a20000,0x15a70000)]
  0x153fd000 JavaThread "qtp11759554-15-selector-0" [_thread_in_native, id=13608, stack(0x15990000,0x159e0000)]
  0x15409800 JavaThread "DateCache" daemon [_thread_blocked, id=15072, stack(0x15900000,0x15950000)]
  0x021bd800 JavaThread "DestroyJavaVM" [_thread_blocked, id=9688, stack(0x00b20000,0x00b70000)]
  0x15342c00 JavaThread "Thread-0" [_thread_blocked, id=6960, stack(0x15770000,0x157c0000)]
  0x147b6000 JavaThread "Service Thread" daemon [_thread_blocked, id=13748, stack(0x15250000,0x152a0000)]
  0x14791400 JavaThread "C1 CompilerThread0" daemon [_thread_blocked, id=12340, stack(0x151c0000,0x15210000)]
  0x1478a800 JavaThread "JDWP Command Reader" daemon [_thread_in_native, id=12208, stack(0x15130000,0x15180000)]
  0x14787400 JavaThread "JDWP Event Helper Thread" daemon [_thread_blocked, id=7908, stack(0x14d50000,0x14da0000)]
=>0x14786000 JavaThread "JDWP Transport Listener: dt_socket" daemon [_thread_in_vm, id=15760, stack(0x14cc0000,0x14d10000)]
  0x14776c00 JavaThread "Attach Listener" daemon [_thread_blocked, id=15892, stack(0x14c30000,0x14c80000)]
  0x14774c00 JavaThread "Signal Dispatcher" daemon [_thread_blocked, id=13440, stack(0x14ba0000,0x14bf0000)]
  0x14759400 JavaThread "Finalizer" daemon [_thread_blocked, id=13004, stack(0x14a30000,0x14a80000)]
  0x14754400 JavaThread "Reference Handler" daemon [_thread_blocked, id=12324, stack(0x149a0000,0x149f0000)]

Other Threads:
  0x020de400 VMThread [stack: 0x14950000,0x149a0000] [id=12108]
  0x147d2400 WatcherThread [stack: 0x152e0000,0x15330000] [id=13424]

VM state:not at safepoint (normal execution)

VM Mutex/Monitor currently owned by a thread: None

Heap:
 def new generation   total 4928K, used 3837K [0x04200000, 0x04750000, 0x09750000)
  eden space 4416K,  75% used [0x04200000, 0x0453f4e0, 0x04650000)
  from space 512K, 100% used [0x04650000, 0x046d0000, 0x046d0000)
  to   space 512K,   0% used [0x046d0000, 0x046d0000, 0x04750000)
 tenured generation   total 10944K, used 2007K [0x09750000, 0x0a200000, 0x14200000)
   the space 10944K,  18% used [0x09750000, 0x09945d68, 0x09945e00, 0x0a200000)
 Metaspace       used 5470K, capacity 5640K, committed 5760K, reserved 6528K

Card table byte_map: [0x14200000,0x14290000] byte_map_base: 0x141df000

Polling page: 0x00930000

CodeCache: size=32768Kb used=987Kb max_used=987Kb free=31780Kb
 bounds [0x021c0000, 0x022b8000, 0x041c0000]
 total_blobs=382 nmethods=226 adapters=95
 compilation: enabled

Compilation events (10 events):
Event: 1.715 Thread 0x14791400  221             java.util.concurrent.ConcurrentHashMap::putIfAbsent (8 bytes)
Event: 1.715 Thread 0x14791400 nmethod 221 0x022b5608 code [0x022b5700, 0x022b57ac]
Event: 1.722 Thread 0x14791400  222   !         java.util.zip.ZipFile::getEntry (86 bytes)
Event: 1.722 Thread 0x14791400 nmethod 222 0x022b5808 code [0x022b5960, 0x022b5d98]
Event: 15.592 Thread 0x14791400  224             org.eclipse.jetty.http.HttpField::toSanitisedValue (58 bytes)
Event: 15.592 Thread 0x14791400 nmethod 224 0x022b6308 code [0x022b6410, 0x022b64ec]
Event: 36.594 Thread 0x14791400  225             java.util.Calendar::setFieldsComputed (117 bytes)
Event: 36.594 Thread 0x14791400 nmethod 225 0x022b6608 code [0x022b6720, 0x022b68f0]
Event: 37.592 Thread 0x14791400  226             java.util.Calendar::internalSet (8 bytes)
Event: 37.592 Thread 0x14791400 nmethod 226 0x022b6b88 code [0x022b6c80, 0x022b6d20]

GC Heap History (4 events):
Event: 0.427 GC heap before
{Heap before GC invocations=0 (full 0):
 def new generation   total 4928K, used 4416K [0x04200000, 0x04750000, 0x09750000)
  eden space 4416K, 100% used [0x04200000, 0x04650000, 0x04650000)
  from space 512K,   0% used [0x04650000, 0x04650000, 0x046d0000)
  to   space 512K,   0% used [0x046d0000, 0x046d0000, 0x04750000)
 tenured generation   total 10944K, used 0K [0x09750000, 0x0a200000, 0x14200000)
   the space 10944K,   0% used [0x09750000, 0x09750000, 0x09750200, 0x0a200000)
 Metaspace       used 3379K, capacity 3520K, committed 3648K, reserved 4480K
Event: 0.430 GC heap after
Heap after GC invocations=1 (full 0):
 def new generation   total 4928K, used 512K [0x04200000, 0x04750000, 0x09750000)
  eden space 4416K,   0% used [0x04200000, 0x04200000, 0x04650000)
  from space 512K, 100% used [0x046d0000, 0x04750000, 0x04750000)
  to   space 512K,   0% used [0x04650000, 0x04650000, 0x046d0000)
 tenured generation   total 10944K, used 637K [0x09750000, 0x0a200000, 0x14200000)
   the space 10944K,   5% used [0x09750000, 0x097ef5b8, 0x097ef600, 0x0a200000)
 Metaspace       used 3379K, capacity 3520K, committed 3648K, reserved 4480K
}
Event: 0.592 GC heap before
{Heap before GC invocations=1 (full 0):
 def new generation   total 4928K, used 4928K [0x04200000, 0x04750000, 0x09750000)
  eden space 4416K, 100% used [0x04200000, 0x04650000, 0x04650000)
  from space 512K, 100% used [0x046d0000, 0x04750000, 0x04750000)
  to   space 512K,   0% used [0x04650000, 0x04650000, 0x046d0000)
 tenured generation   total 10944K, used 637K [0x09750000, 0x0a200000, 0x14200000)
   the space 10944K,   5% used [0x09750000, 0x097ef5b8, 0x097ef600, 0x0a200000)
 Metaspace       used 4771K, capacity 4931K, committed 4992K, reserved 5504K
Event: 0.598 GC heap after
Heap after GC invocations=2 (full 0):
 def new generation   total 4928K, used 512K [0x04200000, 0x04750000, 0x09750000)
  eden space 4416K,   0% used [0x04200000, 0x04200000, 0x04650000)
  from space 512K, 100% used [0x04650000, 0x046d0000, 0x046d0000)
  to   space 512K,   0% used [0x046d0000, 0x046d0000, 0x04750000)
 tenured generation   total 10944K, used 2007K [0x09750000, 0x0a200000, 0x14200000)
   the space 10944K,  18% used [0x09750000, 0x09945d68, 0x09945e00, 0x0a200000)
 Metaspace       used 4771K, capacity 4931K, committed 4992K, reserved 5504K
}

Deoptimization events (0 events):
No events

Internal exceptions (8 events):
Event: 0.045 Thread 0x021bd800 Exception <a 'java/lang/NoSuchMethodError': Method sun.misc.Unsafe.defineClass(Ljava/lang/String;[BII)Ljava/lang/Class; name or signature does not match> (0x0420cca0) thrown at [C:\re\workspace\8-2-build-windows-i586-cygwin\jdk8u65\4987\hotspot\src\share\v±€˚Rß?
Event: 0.046 Thread 0x021bd800 Exception <a 'java/lang/NoSuchMethodError': Method sun.misc.Unsafe.prefetchRead(Ljava/lang/Object;J)V name or signature does not match> (0x0420cf70) thrown at [C:\re\workspace\8-2-build-windows-i586-cygwin\jdk8u65\4987\hotspot\src\share\vm\prims\jni.cpp, l÷Ÿ≤‘·”?
Event: 0.311 Thread 0x021bd800 Exception <a 'java/lang/NoSuchFieldError': method resolution failed> (0x043ef248) thrown at [C:\re\workspace\8-2-build-windows-i586-cygwin\jdk8u65\4987\hotspot\src\share\vm\prims\methodHandles.cpp, line 1146]
Event: 0.315 Thread 0x021bd800 Exception <a 'java/lang/NoSuchFieldError': method resolution failed> (0x043fb408) thrown at [C:\re\workspace\8-2-build-windows-i586-cygwin\jdk8u65\4987\hotspot\src\share\vm\prims\methodHandles.cpp, line 1146]
Event: 0.350 Thread 0x021bd800 Exception <a 'java/security/PrivilegedActionException'> (0x044c4130) thrown at [C:\re\workspace\8-2-build-windows-i586-cygwin\jdk8u65\4987\hotspot\src\share\vm\prims\jvm.cpp, line 1386]
Event: 0.350 Thread 0x021bd800 Exception <a 'java/security/PrivilegedActionException'> (0x044c4330) thrown at [C:\re\workspace\8-2-build-windows-i586-cygwin\jdk8u65\4987\hotspot\src\share\vm\prims\jvm.cpp, line 1386]
Event: 0.351 Thread 0x021bd800 Exception <a 'java/security/PrivilegedActionException'> (0x044c80f0) thrown at [C:\re\workspace\8-2-build-windows-i586-cygwin\jdk8u65\4987\hotspot\src\share\vm\prims\jvm.cpp, line 1386]
Event: 0.351 Thread 0x021bd800 Exception <a 'java/security/PrivilegedActionException'> (0x044c82f0) thrown at [C:\re\workspace\8-2-build-windows-i586-cygwin\jdk8u65\4987\hotspot\src\share\vm\prims\jvm.cpp, line 1386]

Events (10 events):
Event: 41.478 Executing VM operation: GetOrSetLocal
Event: 41.478 Executing VM operation: GetOrSetLocal done
Event: 41.479 Executing VM operation: GetOrSetLocal
Event: 41.480 Executing VM operation: GetOrSetLocal done
Event: 41.480 Executing VM operation: GetOrSetLocal
Event: 41.480 Executing VM operation: GetOrSetLocal done
Event: 41.481 Executing VM operation: GetOrSetLocal
Event: 41.482 Executing VM operation: GetOrSetLocal done
Event: 52.560 Executing VM operation: RedefineClasses
Event: 52.562 Executing VM operation: RedefineClasses done


Dynamic libraries:
0x00ba0000 - 0x00bd3000 	C:\Program Files (x86)\Java\jre1.8.0_65\bin\javaw.exe
0x771a0000 - 0x7731b000 	C:\WINDOWS\SYSTEM32\ntdll.dll
0x747c0000 - 0x748a0000 	C:\WINDOWS\SYSTEM32\KERNEL32.DLL
0x74620000 - 0x7479e000 	C:\WINDOWS\SYSTEM32\KERNELBASE.dll
0x76640000 - 0x766bb000 	C:\WINDOWS\SYSTEM32\ADVAPI32.dll
0x770e0000 - 0x7719e000 	C:\WINDOWS\SYSTEM32\msvcrt.dll
0x74df0000 - 0x74e34000 	C:\WINDOWS\SYSTEM32\sechost.dll
0x74fa0000 - 0x7504d000 	C:\WINDOWS\SYSTEM32\RPCRT4.dll
0x73ed0000 - 0x73eee000 	C:\WINDOWS\SYSTEM32\SspiCli.dll
0x73ec0000 - 0x73eca000 	C:\WINDOWS\SYSTEM32\CRYPTBASE.dll
0x76a00000 - 0x76a58000 	C:\WINDOWS\SYSTEM32\bcryptPrimitives.dll
0x742e0000 - 0x74427000 	C:\WINDOWS\SYSTEM32\USER32.dll
0x744d0000 - 0x7461f000 	C:\WINDOWS\SYSTEM32\GDI32.dll
0x72d50000 - 0x72f5f000 	C:\WINDOWS\WinSxS\x86_microsoft.windows.common-controls_6595b64144ccf1df_6.0.10586.0_none_d3c2e4e965da4528\COMCTL32.dll
0x767e0000 - 0x7699d000 	C:\WINDOWS\SYSTEM32\combase.dll
0x76a60000 - 0x76a8b000 	C:\WINDOWS\SYSTEM32\IMM32.DLL
0x72090000 - 0x7214f000 	C:\Program Files (x86)\Java\jre1.8.0_65\bin\msvcr100.dll
0x53ff0000 - 0x543b4000 	C:\Program Files (x86)\Java\jre1.8.0_65\bin\client\jvm.dll
0x747b0000 - 0x747b6000 	C:\WINDOWS\SYSTEM32\PSAPI.DLL
0x6e140000 - 0x6e148000 	C:\WINDOWS\SYSTEM32\WSOCK32.dll
0x736c0000 - 0x736e4000 	C:\WINDOWS\SYSTEM32\WINMM.dll
0x73eb0000 - 0x73eb8000 	C:\WINDOWS\SYSTEM32\VERSION.dll
0x74e40000 - 0x74e9f000 	C:\WINDOWS\SYSTEM32\WS2_32.dll
0x00960000 - 0x00983000 	C:\WINDOWS\SYSTEM32\WINMMBASE.dll
0x75050000 - 0x75087000 	C:\WINDOWS\SYSTEM32\cfgmgr32.dll
0x64890000 - 0x6489c000 	C:\Program Files (x86)\Java\jre1.8.0_65\bin\verify.dll
0x64860000 - 0x64881000 	C:\Program Files (x86)\Java\jre1.8.0_65\bin\java.dll
0x72060000 - 0x72089000 	C:\Program Files (x86)\Java\jre1.8.0_65\bin\jdwp.dll
0x72050000 - 0x72057000 	C:\Program Files (x86)\Java\jre1.8.0_65\bin\npt.dll
0x64840000 - 0x64853000 	C:\Program Files (x86)\Java\jre1.8.0_65\bin\zip.dll
0x75240000 - 0x7663e000 	C:\WINDOWS\SYSTEM32\SHELL32.dll
0x748a0000 - 0x74d9a000 	C:\WINDOWS\SYSTEM32\windows.storage.dll
0x73ff0000 - 0x74035000 	C:\WINDOWS\SYSTEM32\shlwapi.dll
0x73ef0000 - 0x73efc000 	C:\WINDOWS\SYSTEM32\kernel.appcore.dll
0x75090000 - 0x7511d000 	C:\WINDOWS\SYSTEM32\shcore.dll
0x74da0000 - 0x74de4000 	C:\WINDOWS\SYSTEM32\powrprof.dll
0x74f30000 - 0x74f3f000 	C:\WINDOWS\SYSTEM32\profapi.dll
0x72040000 - 0x72048000 	C:\Program Files (x86)\Java\jre1.8.0_65\bin\dt_socket.dll
0x73610000 - 0x73622000 	C:\WINDOWS\system32\napinsp.dll
0x735f0000 - 0x73606000 	C:\WINDOWS\system32\pnrpnsp.dll
0x735c0000 - 0x735d4000 	C:\WINDOWS\system32\NLAapi.dll
0x73ab0000 - 0x73aff000 	C:\WINDOWS\System32\mswsock.dll
0x73850000 - 0x738d4000 	C:\WINDOWS\SYSTEM32\DNSAPI.dll
0x74f40000 - 0x74f47000 	C:\WINDOWS\SYSTEM32\NSI.dll
0x73560000 - 0x7356b000 	C:\WINDOWS\System32\winrnr.dll
0x71840000 - 0x71865000 	C:\Program Files (x86)\Bonjour\mdnsNSP.dll
0x73b30000 - 0x73b5f000 	C:\WINDOWS\SYSTEM32\Iphlpapi.DLL
0x6e7f0000 - 0x6e801000 	C:\WINDOWS\System32\wshbth.dll
0x6fb10000 - 0x6fb57000 	C:\WINDOWS\System32\fwpuclnt.dll
0x73e20000 - 0x73e3b000 	C:\WINDOWS\SYSTEM32\bcrypt.dll
0x71f80000 - 0x71f88000 	C:\Windows\System32\rasadhlp.dll
0x64820000 - 0x64836000 	C:\Program Files (x86)\Java\jre1.8.0_65\bin\net.dll
0x64810000 - 0x6481f000 	C:\Program Files (x86)\Java\jre1.8.0_65\bin\nio.dll
0x73910000 - 0x73923000 	C:\WINDOWS\SYSTEM32\CRYPTSP.dll
0x738e0000 - 0x7390f000 	C:\WINDOWS\system32\rsaenh.dll
0x73b00000 - 0x73b19000 	C:\WINDOWS\SYSTEM32\USERENV.dll
0x5f810000 - 0x5f94f000 	C:\WINDOWS\SYSTEM32\dbghelp.dll

VM Arguments:
jvm_args: -agentlib:jdwp=transport=dt_socket,suspend=y,address=localhost:37176 -Dfile.encoding=Cp1252 
java_command: main.java.Main
java_class_path (initial): C:\Users\Olivr\College\3rd Year Project\EntertainmentSuggestions-Heroku.Spark-Side\target\classes;C:\Users\Olivr\.m2\repository\com\sparkjava\spark-core\2.2\spark-core-2.2.jar;C:\Users\Olivr\.m2\repository\org\slf4j\slf4j-api\1.7.7\slf4j-api-1.7.7.jar;C:\Users\Olivr\.m2\repository\org\slf4j\slf4j-simple\1.7.7\slf4j-simple-1.7.7.jar;C:\Users\Olivr\.m2\repository\org\eclipse\jetty\jetty-server\9.0.2.v20130417\jetty-server-9.0.2.v20130417.jar;C:\Users\Olivr\.m2\repository\org\eclipse\jetty\orbit\javax.servlet\3.0.0.v201112011016\javax.servlet-3.0.0.v201112011016.jar;C:\Users\Olivr\.m2\repository\org\eclipse\jetty\jetty-http\9.0.2.v20130417\jetty-http-9.0.2.v20130417.jar;C:\Users\Olivr\.m2\repository\org\eclipse\jetty\jetty-util\9.0.2.v20130417\jetty-util-9.0.2.v20130417.jar;C:\Users\Olivr\.m2\repository\org\eclipse\jetty\jetty-io\9.0.2.v20130417\jetty-io-9.0.2.v20130417.jar;C:\Users\Olivr\.m2\repository\org\eclipse\jetty\jetty-webapp\9.0.2.v20130417\jetty-webapp-9.0.2.v20130417.jar;C:\Users\Olivr\.m2\repository\org\eclipse\jetty\jetty-xml\9.0.2.v20130417\jetty-xml-9.0.2.v20130417.jar;C:\Users\Olivr\.m2\repository\org\eclipse\jetty\jetty-servlet\9.0.2.v20130417\jetty-servlet-9.0.2.v20130417.jar;C:\Users\Olivr\.m2\repository\org\eclipse\jetty\jetty-security\9.0.2.v20130417\jetty-security-9.0.2.v20130417.jar;C:\Users\Olivr\.m2\repository\com\sparkjava\spark-template-freemarker\2.0.0\spark-template-freemarker-2.0.0.jar;C:\Users\Olivr\.m2\repository\org\freemarker\freemarker\2.3.19\freemarker-2.3.19.jar;C:\Users\Olivr\.m2\repository\org\postgresql\postgresql\9.4-1201-jdbc4\postgresql-9.4-1201-jdbc4.jar;C:\Users\Olivr\.m2\repository\com\heroku\sdk\heroku-jdbc\0.1.1\heroku-jdbc-0.1.1.jar;C:\Users\Olivr\.m2\repository\org\json\json\20151123\json-20151123.jar
Launcher Type: SUN_STANDARD

Environment Variables:
JAVA_HOME=C:\Program Files (x86)\Java\jdk1.8.0_65
CLASSPATH=.;c:\Program Files (x86)\Java\jre1.8.0_31\lib\ext\QTJava.zip
PATH=C:/Program Files (x86)/Java/jre1.8.0_65/bin/client;C:/Program Files (x86)/Java/jre1.8.0_65/bin;C:/Program Files (x86)/Java/jre1.8.0_65/lib/i386;C:\ProgramData\Oracle\Java\javapath;c:\Program Files (x86)\Intel\iCLS Client\;c:\Program Files\Intel\iCLS Client\;C:\Windows\system32;C:\Windows;C:\Windows\System32\Wbem;C:\Windows\System32\WindowsPowerShell\v1.0\;C:\Program Files\Intel\Intel(R) Management Engine Components\DAL;C:\Program Files\Intel\Intel(R) Management Engine Components\IPT;C:\Program Files (x86)\Intel\Intel(R) Management Engine Components\DAL;C:\Program Files (x86)\Intel\Intel(R) Management Engine Components\IPT;C:\Program Files\Microsoft SQL Server\110\Tools\Binn\;C:\Program Files (x86)\Microsoft SDKs\TypeScript\1.0\;c:\Program Files (x86)\QuickTime\QTSystem\;C:\Program Files\nodejs\;C:\Program Files (x86)\NVIDIA Corporation\PhysX\Common;C:\WINDOWS\system32;C:\WINDOWS;C:\WINDOWS\System32\Wbem;C:\WINDOWS\System32\WindowsPowerShell\v1.0\;c:\Program Files (x86)\Microsoft SQL Server\100\Tools\Binn\;c:\Program Files\Microsoft SQL Server\100\Tools\Binn\;c:\Program Files\Microsoft SQL Server\100\DTS\Binn\;C:\WINDOWS\system32\config\systemprofile\.dnx\bin;C:\Program Files\Microsoft DNX\Dnvm\;C:\Program Files\Microsoft SQL Server\120\Tools\Binn\;C:\Program Files (x86)\Windows Kits\10\Windows Performance Toolkit\;C:\Program Files (x86)\Heroku\bin;C:\Program Files (x86)\git\cmd;C:\Program Files (x86)\apache-maven-3.3.9\bin;C:\Users\Olivr\Desktop;
USERNAME=Olivr
OS=Windows_NT
PROCESSOR_IDENTIFIER=Intel64 Family 6 Model 69 Stepping 1, GenuineIntel



---------------  S Y S T E M  ---------------

OS: Windows 10.0 , 64 bit Build 10586 (10.0.10586.0)

CPU:total 4 (2 cores per cpu, 2 threads per core) family 6 model 69 stepping 1, cmov, cx8, fxsr, mmx, sse, sse2, sse3, ssse3, sse4.1, sse4.2, popcnt, avx, avx2, aes, clmul, erms, lzcnt, ht, tsc, tscinvbit, bmi1, bmi2

Memory: 4k page, physical 8290124k(2924656k free), swap 10190668k(2521876k free)

vm_info: Java HotSpot(TM) Client VM (25.65-b01) for windows-x86 JRE (1.8.0_65-b17), built on Oct  6 2015 17:26:22 by "java_re" with MS VC++ 10.0 (VS2010)

time: Sat Mar 12 22:19:00 2016
elapsed time: 52 seconds (0d 0h 0m 52s)

