#
# A fatal error has been detected by the Java Runtime Environment:
#
#  EXCEPTION_ACCESS_VIOLATION (0xc0000005) at pc=0x67b05e43, pid=14300, tid=9620
#
# JRE version: Java(TM) SE Runtime Environment (8.0_65-b17) (build 1.8.0_65-b17)
# Java VM: Java HotSpot(TM) Client VM (25.65-b01 mixed mode windows-x86 )
# Problematic frame:
# V  [jvm.dll+0x115e43]
#
# Failed to write core dump. Minidumps are not enabled by default on client versions of Windows
#
# If you would like to submit a bug report, please visit:
#   http://bugreport.java.com/bugreport/crash.jsp
#

---------------  T H R E A D  ---------------

Current thread (0x14986000):  JavaThread "JDWP Transport Listener: dt_socket" daemon [_thread_in_vm, id=9620, stack(0x14cc0000,0x14d10000)]

siginfo: ExceptionCode=0xc0000005, writing address 0x66675840

Registers:
EAX=0x149f5104, EBX=0x00000009, ECX=0x149f5720, EDX=0x14720048
ESP=0x14d0fb74, EBP=0x14d0fba0, ESI=0x00000009, EDI=0x147203d0
EIP=0x67b05e43, EFLAGS=0x00010206

Top of Stack: (sp=0x14d0fb74)
0x14d0fb74:   00df7d60 0449d9c0 14986000 14986000
0x14d0fb84:   14985158 1497d5e8 1497d5f0 1497d6dc
0x14d0fb94:   000000ec 14d0fe00 14720048 14d0fbd4
0x14d0fba4:   67c14bfe 149f5720 14d0fbfc 14d0fbf8
0x14d0fbb4:   14d0fc5c 00000000 14981f8c 14986000
0x14d0fbc4:   00000000 00000000 00000000 14986000
0x14d0fbd4:   14d0fc00 625c449d 00df7d60 14981f8c
0x14d0fbe4:   14d0fbfc 14d0fbf8 14d0fc1c 14d0fc58 

Instructions: (pc=0x67b05e43)
0x67b05e23:   00 00 00 8b 8f e4 00 00 00 8b 44 b2 04 8b 4c b1
0x67b05e33:   04 89 45 fc e8 e4 2c f5 ff 8b 4d 08 8b 55 fc 46
0x67b05e43:   89 04 91 3b f3 7c d6 eb 1e 85 db 7e 1a 8b 87 e4
0x67b05e53:   00 00 00 8b 4c b0 04 e8 c1 2c f5 ff 8b 4d 08 89 


Register to memory mapping:

EAX=0x149f5104 is an unknown value
EBX=0x00000009 is an unknown value
ECX=0x149f5720 is an unknown value
EDX=0x14720048 is pointing into metadata
ESP=0x14d0fb74 is pointing into the stack for thread: 0x14986000
EBP=0x14d0fba0 is pointing into the stack for thread: 0x14986000
ESI=0x00000009 is an unknown value
EDI=0x147203d0 is pointing into metadata


Stack: [0x14cc0000,0x14d10000],  sp=0x14d0fb74,  free space=318k
Native frames: (J=compiled Java code, j=interpreted, Vv=VM code, C=native code)
V  [jvm.dll+0x115e43]
V  [jvm.dll+0x224bfe]
C  [jdwp.dll+0x449d]
C  [jdwp.dll+0x451e]
C  0x509f1409


---------------  P R O C E S S  ---------------

Java Threads: ( => current thread )
  0x149b6000 JavaThread "Service Thread" daemon [_thread_blocked, id=8204, stack(0x15270000,0x152c0000)]
  0x14991400 JavaThread "C1 CompilerThread0" daemon [_thread_blocked, id=7600, stack(0x151e0000,0x15230000)]
  0x1498a800 JavaThread "JDWP Command Reader" daemon [_thread_in_native, id=6632, stack(0x15150000,0x151a0000)]
  0x14987400 JavaThread "JDWP Event Helper Thread" daemon [_thread_blocked, id=12064, stack(0x150c0000,0x15110000)]
=>0x14986000 JavaThread "JDWP Transport Listener: dt_socket" daemon [_thread_in_vm, id=9620, stack(0x14cc0000,0x14d10000)]
  0x14976c00 JavaThread "Attach Listener" daemon [_thread_blocked, id=3864, stack(0x00be0000,0x00c30000)]
  0x14974c00 JavaThread "Signal Dispatcher" daemon [_thread_blocked, id=11384, stack(0x00b50000,0x00ba0000)]
  0x14959400 JavaThread "Finalizer" daemon [_thread_blocked, id=2068, stack(0x00ac0000,0x00b10000)]
  0x14954400 JavaThread "Reference Handler" daemon [_thread_blocked, id=7284, stack(0x00a30000,0x00a80000)]
  0x00dfd800 JavaThread "main" [_thread_blocked, id=8680, stack(0x00910000,0x00960000)]

Other Threads:
  0x023de400 VMThread [stack: 0x009a0000,0x009f0000] [id=14616]
  0x149d1400 WatcherThread [stack: 0x15300000,0x15350000] [id=7708]

VM state:not at safepoint (normal execution)

VM Mutex/Monitor currently owned by a thread: None

Heap:
 def new generation   total 4928K, used 1041K [0x04400000, 0x04950000, 0x09950000)
  eden space 4416K,  23% used [0x04400000, 0x04504560, 0x04850000)
  from space 512K,   0% used [0x04850000, 0x04850000, 0x048d0000)
  to   space 512K,   0% used [0x048d0000, 0x048d0000, 0x04950000)
 tenured generation   total 10944K, used 0K [0x09950000, 0x0a400000, 0x14400000)
   the space 10944K,   0% used [0x09950000, 0x09950000, 0x09950200, 0x0a400000)
 Metaspace       used 1801K, capacity 2308K, committed 2368K, reserved 4480K

Card table byte_map: [0x14400000,0x14490000] byte_map_base: 0x143de000

Polling page: 0x00c80000

CodeCache: size=32768Kb used=691Kb max_used=691Kb free=32076Kb
 bounds [0x023e0000, 0x02490000, 0x043e0000]
 total_blobs=155 nmethods=25 adapters=70
 compilation: enabled

Compilation events (10 events):
Event: 0.145 Thread 0x14991400   21             java.lang.Math::max (11 bytes)
Event: 0.145 Thread 0x14991400 nmethod 21 0x0248b408 code [0x0248b500, 0x0248b570]
Event: 0.145 Thread 0x14991400   22             java.util.jar.JarFile::match (116 bytes)
Event: 0.145 Thread 0x14991400 nmethod 22 0x0248b5c8 code [0x0248b6d0, 0x0248b880]
Event: 0.145 Thread 0x14991400   23             java.lang.String::replace (127 bytes)
Event: 0.146 Thread 0x14991400 nmethod 23 0x0248bac8 code [0x0248bbe0, 0x0248be70]
Event: 0.147 Thread 0x14991400   24             java.lang.Math::min (11 bytes)
Event: 0.147 Thread 0x14991400 nmethod 24 0x0248c108 code [0x0248c200, 0x0248c270]
Event: 0.148 Thread 0x14991400   25             sun.nio.cs.UTF_8$Encoder::encode (359 bytes)
Event: 0.149 Thread 0x14991400 nmethod 25 0x0248c2c8 code [0x0248c410, 0x0248c858]

GC Heap History (0 events):
No events

Deoptimization events (0 events):
No events

Internal exceptions (2 events):
Event: 0.040 Thread 0x00dfd800 Exception <a 'java/lang/NoSuchMethodError': Method sun.misc.Unsafe.defineClass(Ljava/lang/String;[BII)Ljava/lang/Class; name or signature does not match> (0x0440cd58) thrown at [C:\re\workspace\8-2-build-windows-i586-cygwin\jdk8u65\4987\hotspot\src\share\v‹QwÕ¶¤?
Event: 0.040 Thread 0x00dfd800 Exception <a 'java/lang/NoSuchMethodError': Method sun.misc.Unsafe.prefetchRead(Ljava/lang/Object;J)V name or signature does not match> (0x0440d028) thrown at [C:\re\workspace\8-2-build-windows-i586-cygwin\jdk8u65\4987\hotspot\src\share\vm\prims\jni.cpp, l

Events (10 events):
Event: 0.151 loading class java/io/IOException
Event: 0.151 loading class java/io/IOException done
Event: 0.151 loading class org/json/JSONException
Event: 0.151 loading class org/json/JSONException done
Event: 0.152 loading class java/lang/Void
Event: 0.152 loading class java/lang/Void done
Event: 4.140 Executing VM operation: EnableBiasedLocking
Event: 4.140 Executing VM operation: EnableBiasedLocking done
Event: 21.298 Executing VM operation: RedefineClasses
Event: 21.298 Executing VM operation: RedefineClasses done


Dynamic libraries:
0x00020000 - 0x00053000 	C:\Program Files (x86)\Java\jre1.8.0_65\bin\javaw.exe
0x77140000 - 0x772bb000 	C:\WINDOWS\SYSTEM32\ntdll.dll
0x76440000 - 0x76520000 	C:\WINDOWS\SYSTEM32\KERNEL32.DLL
0x76eb0000 - 0x7702e000 	C:\WINDOWS\SYSTEM32\KERNELBASE.dll
0x73e90000 - 0x73f0b000 	C:\WINDOWS\SYSTEM32\ADVAPI32.dll
0x75b80000 - 0x75c3e000 	C:\WINDOWS\SYSTEM32\msvcrt.dll
0x76900000 - 0x76944000 	C:\WINDOWS\SYSTEM32\sechost.dll
0x762a0000 - 0x7634d000 	C:\WINDOWS\SYSTEM32\RPCRT4.dll
0x73e70000 - 0x73e8e000 	C:\WINDOWS\SYSTEM32\SspiCli.dll
0x73e60000 - 0x73e6a000 	C:\WINDOWS\SYSTEM32\CRYPTBASE.dll
0x76350000 - 0x763a8000 	C:\WINDOWS\SYSTEM32\bcryptPrimitives.dll
0x757e0000 - 0x75927000 	C:\WINDOWS\SYSTEM32\USER32.dll
0x759d0000 - 0x75b1f000 	C:\WINDOWS\SYSTEM32\GDI32.dll
0x72d70000 - 0x72f7f000 	C:\WINDOWS\WinSxS\x86_microsoft.windows.common-controls_6595b64144ccf1df_6.0.10586.0_none_d3c2e4e965da4528\COMCTL32.dll
0x766a0000 - 0x7685d000 	C:\WINDOWS\SYSTEM32\combase.dll
0x76670000 - 0x7669b000 	C:\WINDOWS\SYSTEM32\IMM32.DLL
0x625f0000 - 0x626af000 	C:\Program Files (x86)\Java\jre1.8.0_65\bin\msvcr100.dll
0x679f0000 - 0x67db4000 	C:\Program Files (x86)\Java\jre1.8.0_65\bin\client\jvm.dll
0x73f10000 - 0x73f16000 	C:\WINDOWS\SYSTEM32\PSAPI.DLL
0x725b0000 - 0x725b8000 	C:\WINDOWS\SYSTEM32\WSOCK32.dll
0x6fe60000 - 0x6fe84000 	C:\WINDOWS\SYSTEM32\WINMM.dll
0x75930000 - 0x7598f000 	C:\WINDOWS\SYSTEM32\WS2_32.dll
0x73e50000 - 0x73e58000 	C:\WINDOWS\SYSTEM32\VERSION.dll
0x6fe30000 - 0x6fe53000 	C:\WINDOWS\SYSTEM32\WINMMBASE.dll
0x75990000 - 0x759c7000 	C:\WINDOWS\SYSTEM32\cfgmgr32.dll
0x73530000 - 0x7353c000 	C:\Program Files (x86)\Java\jre1.8.0_65\bin\verify.dll
0x71e90000 - 0x71eb1000 	C:\Program Files (x86)\Java\jre1.8.0_65\bin\java.dll
0x625c0000 - 0x625e9000 	C:\Program Files (x86)\Java\jre1.8.0_65\bin\jdwp.dll
0x63710000 - 0x63717000 	C:\Program Files (x86)\Java\jre1.8.0_65\bin\npt.dll
0x73510000 - 0x73523000 	C:\Program Files (x86)\Java\jre1.8.0_65\bin\zip.dll
0x73f20000 - 0x7531e000 	C:\WINDOWS\SYSTEM32\SHELL32.dll
0x76950000 - 0x76e4a000 	C:\WINDOWS\SYSTEM32\windows.storage.dll
0x763e0000 - 0x76425000 	C:\WINDOWS\SYSTEM32\shlwapi.dll
0x77130000 - 0x7713c000 	C:\WINDOWS\SYSTEM32\kernel.appcore.dll
0x754c0000 - 0x7554d000 	C:\WINDOWS\SYSTEM32\shcore.dll
0x75470000 - 0x754b4000 	C:\WINDOWS\SYSTEM32\powrprof.dll
0x76430000 - 0x7643f000 	C:\WINDOWS\SYSTEM32\profapi.dll
0x625b0000 - 0x625b8000 	C:\Program Files (x86)\Java\jre1.8.0_65\bin\dt_socket.dll
0x72820000 - 0x72832000 	C:\WINDOWS\system32\napinsp.dll
0x72800000 - 0x72816000 	C:\WINDOWS\system32\pnrpnsp.dll
0x6fae0000 - 0x6faf4000 	C:\WINDOWS\system32\NLAapi.dll
0x73900000 - 0x7394f000 	C:\WINDOWS\System32\mswsock.dll
0x737e0000 - 0x73864000 	C:\WINDOWS\SYSTEM32\DNSAPI.dll
0x75b70000 - 0x75b77000 	C:\WINDOWS\SYSTEM32\NSI.dll
0x727f0000 - 0x727fb000 	C:\WINDOWS\System32\winrnr.dll
0x6c700000 - 0x6c725000 	C:\Program Files (x86)\Bonjour\mdnsNSP.dll
0x73b20000 - 0x73b4f000 	C:\WINDOWS\SYSTEM32\Iphlpapi.DLL
0x725c0000 - 0x725d1000 	C:\WINDOWS\System32\wshbth.dll
0x6c690000 - 0x6c6d7000 	C:\WINDOWS\System32\fwpuclnt.dll
0x73dc0000 - 0x73ddb000 	C:\WINDOWS\SYSTEM32\bcrypt.dll
0x6c5d0000 - 0x6c5d8000 	C:\Windows\System32\rasadhlp.dll
0x5dc40000 - 0x5dd7f000 	C:\WINDOWS\SYSTEM32\dbghelp.dll

VM Arguments:
jvm_args: -agentlib:jdwp=transport=dt_socket,suspend=y,address=localhost:44316 -Dfile.encoding=Cp1252 
java_command: main.java.Main
java_class_path (initial): C:\Users\Olivr\College\3rd Year Project\EntertainmentSuggestions-Heroku.Spark-Side\target\classes;C:\Users\Olivr\.m2\repository\com\sparkjava\spark-core\2.2\spark-core-2.2.jar;C:\Users\Olivr\.m2\repository\org\slf4j\slf4j-api\1.7.7\slf4j-api-1.7.7.jar;C:\Users\Olivr\.m2\repository\org\slf4j\slf4j-simple\1.7.7\slf4j-simple-1.7.7.jar;C:\Users\Olivr\.m2\repository\org\eclipse\jetty\jetty-server\9.0.2.v20130417\jetty-server-9.0.2.v20130417.jar;C:\Users\Olivr\.m2\repository\org\eclipse\jetty\orbit\javax.servlet\3.0.0.v201112011016\javax.servlet-3.0.0.v201112011016.jar;C:\Users\Olivr\.m2\repository\org\eclipse\jetty\jetty-http\9.0.2.v20130417\jetty-http-9.0.2.v20130417.jar;C:\Users\Olivr\.m2\repository\org\eclipse\jetty\jetty-util\9.0.2.v20130417\jetty-util-9.0.2.v20130417.jar;C:\Users\Olivr\.m2\repository\org\eclipse\jetty\jetty-io\9.0.2.v20130417\jetty-io-9.0.2.v20130417.jar;C:\Users\Olivr\.m2\repository\org\eclipse\jetty\jetty-webapp\9.0.2.v20130417\jetty-webapp-9.0.2.v20130417.jar;C:\Users\Olivr\.m2\repository\org\eclipse\jetty\jetty-xml\9.0.2.v20130417\jetty-xml-9.0.2.v20130417.jar;C:\Users\Olivr\.m2\repository\org\eclipse\jetty\jetty-servlet\9.0.2.v20130417\jetty-servlet-9.0.2.v20130417.jar;C:\Users\Olivr\.m2\repository\org\eclipse\jetty\jetty-security\9.0.2.v20130417\jetty-security-9.0.2.v20130417.jar;C:\Users\Olivr\.m2\repository\com\sparkjava\spark-template-freemarker\2.0.0\spark-template-freemarker-2.0.0.jar;C:\Users\Olivr\.m2\repository\org\freemarker\freemarker\2.3.19\freemarker-2.3.19.jar;C:\Users\Olivr\.m2\repository\org\postgresql\postgresql\9.4-1201-jdbc4\postgresql-9.4-1201-jdbc4.jar;C:\Users\Olivr\.m2\repository\com\heroku\sdk\heroku-jdbc\0.1.1\heroku-jdbc-0.1.1.jar;C:\Users\Olivr\.m2\repository\org\json\json\20151123\json-20151123.jar
Launcher Type: SUN_STANDARD

Environment Variables:
JAVA_HOME=C:\Program Files (x86)\Java\jdk1.8.0_65
CLASSPATH=.;c:\Program Files (x86)\Java\jre1.8.0_31\lib\ext\QTJava.zip
PATH=C:/Program Files (x86)/Java/jre1.8.0_65/bin/client;C:/Program Files (x86)/Java/jre1.8.0_65/bin;C:/Program Files (x86)/Java/jre1.8.0_65/lib/i386;C:\ProgramData\Oracle\Java\javapath;c:\Program Files (x86)\Intel\iCLS Client\;c:\Program Files\Intel\iCLS Client\;C:\Windows\system32;C:\Windows;C:\Windows\System32\Wbem;C:\Windows\System32\WindowsPowerShell\v1.0\;C:\Program Files\Intel\Intel(R) Management Engine Components\DAL;C:\Program Files\Intel\Intel(R) Management Engine Components\IPT;C:\Program Files (x86)\Intel\Intel(R) Management Engine Components\DAL;C:\Program Files (x86)\Intel\Intel(R) Management Engine Components\IPT;C:\Program Files\Microsoft SQL Server\110\Tools\Binn\;C:\Program Files (x86)\Microsoft SDKs\TypeScript\1.0\;c:\Program Files (x86)\QuickTime\QTSystem\;C:\Program Files\nodejs\;C:\Program Files (x86)\NVIDIA Corporation\PhysX\Common;C:\WINDOWS\system32;C:\WINDOWS;C:\WINDOWS\System32\Wbem;C:\WINDOWS\System32\WindowsPowerShell\v1.0\;c:\Program Files (x86)\Microsoft SQL Server\100\Tools\Binn\;c:\Program Files\Microsoft SQL Server\100\Tools\Binn\;c:\Program Files\Microsoft SQL Server\100\DTS\Binn\;C:\WINDOWS\system32\config\systemprofile\.dnx\bin;C:\Program Files\Microsoft DNX\Dnvm\;C:\Program Files\Microsoft SQL Server\120\Tools\Binn\;C:\Program Files (x86)\Windows Kits\10\Windows Performance Toolkit\;C:\Program Files (x86)\Heroku\bin;C:\Program Files (x86)\git\cmd;C:\Program Files (x86)\apache-maven-3.3.9\bin;C:\Users\Olivr\Desktop;
USERNAME=Olivr
OS=Windows_NT
PROCESSOR_IDENTIFIER=Intel64 Family 6 Model 69 Stepping 1, GenuineIntel



---------------  S Y S T E M  ---------------

OS: Windows 10.0 , 64 bit Build 10586 (10.0.10586.0)

CPU:total 4 (2 cores per cpu, 2 threads per core) family 6 model 69 stepping 1, cmov, cx8, fxsr, mmx, sse, sse2, sse3, ssse3, sse4.1, sse4.2, popcnt, avx, avx2, aes, clmul, erms, lzcnt, ht, tsc, tscinvbit, bmi1, bmi2

Memory: 4k page, physical 8290124k(3733004k free), swap 10558596k(3203868k free)

vm_info: Java HotSpot(TM) Client VM (25.65-b01) for windows-x86 JRE (1.8.0_65-b17), built on Oct  6 2015 17:26:22 by "java_re" with MS VC++ 10.0 (VS2010)

time: Thu Mar 03 15:16:12 2016
elapsed time: 21 seconds (0d 0h 0m 21s)

